# JRE version: OpenJDK Runtime Environment Corretto-17.0.14.7.1 (17.0.14+7) (build 17.0.14+7-LTS)
# Java VM: OpenJDK 64-Bit Server VM Corretto-17.0.14.7.1 (17.0.14+7-LTS, mixed mode, sharing, tiered, compressed oops, compressed class ptrs, g1 gc, windows-amd64)
GC Precious Log:
 CPUs: 8 total, 8 available
 Memory: 16252M
 Large Page Support: Disabled
 NUMA Support: Disabled
 Compressed Oops: Enabled (32-bit)
 Heap Region Size: 1M
 Heap Min Capacity: 8M
 Heap Initial Capacity: 254M
 Heap Max Capacity: 2G
 Pre-touch: Disabled
 Parallel Workers: 8
 Concurrent Workers: 2
 Concurrent Refinement Workers: 8
 Periodic GC: Disabled
Heap:
 garbage-first heap   total 133120K, used 95940K [0x0000000080000000, 0x0000000100000000)
  region size 1024K, 24 young (24576K), 3 survivors (3072K)
 Metaspace       used 71241K, committed 71936K, reserved 491520K
  class space    used 9923K, committed 10240K, reserved 425984K
GC Heap History (20 events):
Event: 7.650 GC heap before
{Heap before GC invocations=10 (full 0):
 garbage-first heap   total 81920K, used 62758K [0x0000000080000000, 0x0000000100000000)
  region size 1024K, 32 young (32768K), 2 survivors (2048K)
 Metaspace       used 38887K, committed 39424K, reserved 491520K
  class space    used 5400K, committed 5632K, reserved 425984K
}
Event: 7.655 GC heap after
{Heap after GC invocations=11 (full 0):
 garbage-first heap   total 81920K, used 33145K [0x0000000080000000, 0x0000000100000000)
  region size 1024K, 3 young (3072K), 3 survivors (3072K)
 Metaspace       used 38887K, committed 39424K, reserved 491520K
  class space    used 5400K, committed 5632K, reserved 425984K
}
Event: 8.186 GC heap before
{Heap before GC invocations=11 (full 0):
 garbage-first heap   total 81920K, used 63865K [0x0000000080000000, 0x0000000100000000)
  region size 1024K, 33 young (33792K), 3 survivors (3072K)
 Metaspace       used 42176K, committed 42688K, reserved 491520K
  class space    used 5921K, committed 6144K, reserved 425984K
}
Event: 8.191 GC heap after
{Heap after GC invocations=12 (full 0):
 garbage-first heap   total 126976K, used 34703K [0x0000000080000000, 0x0000000100000000)
  region size 1024K, 5 young (5120K), 5 survivors (5120K)
 Metaspace       used 42176K, committed 42688K, reserved 491520K
  class space    used 5921K, committed 6144K, reserved 425984K
}
Event: 9.172 GC heap before
{Heap before GC invocations=12 (full 0):
 garbage-first heap   total 126976K, used 105359K [0x0000000080000000, 0x0000000100000000)
  region size 1024K, 66 young (67584K), 5 survivors (5120K)
 Metaspace       used 48866K, committed 49472K, reserved 491520K
  class space    used 6874K, committed 7168K, reserved 425984K
}
Event: 9.178 GC heap after
{Heap after GC invocations=13 (full 0):
 garbage-first heap   total 126976K, used 47899K [0x0000000080000000, 0x0000000100000000)
  region size 1024K, 9 young (9216K), 9 survivors (9216K)
 Metaspace       used 48866K, committed 49472K, reserved 491520K
  class space    used 6874K, committed 7168K, reserved 425984K
}
Event: 9.839 GC heap before
{Heap before GC invocations=13 (full 0):
 garbage-first heap   total 126976K, used 104219K [0x0000000080000000, 0x0000000100000000)
  region size 1024K, 60 young (61440K), 9 survivors (9216K)
 Metaspace       used 53244K, committed 53952K, reserved 491520K
  class space    used 7537K, committed 7872K, reserved 425984K
}
Event: 9.844 GC heap after
{Heap after GC invocations=14 (full 0):
 garbage-first heap   total 126976K, used 54953K [0x0000000080000000, 0x0000000100000000)
  region size 1024K, 3 young (3072K), 3 survivors (3072K)
 Metaspace       used 53244K, committed 53952K, reserved 491520K
  class space    used 7537K, committed 7872K, reserved 425984K
}
Event: 10.335 GC heap before
{Heap before GC invocations=14 (full 0):
 garbage-first heap   total 126976K, used 102057K [0x0000000080000000, 0x0000000100000000)
  region size 1024K, 49 young (50176K), 3 survivors (3072K)
 Metaspace       used 58084K, committed 58752K, reserved 491520K
  class space    used 8193K, committed 8512K, reserved 425984K
}
Event: 10.340 GC heap after
{Heap after GC invocations=15 (full 0):
 garbage-first heap   total 126976K, used 56857K [0x0000000080000000, 0x0000000100000000)
  region size 1024K, 5 young (5120K), 5 survivors (5120K)
 Metaspace       used 58084K, committed 58752K, reserved 491520K
  class space    used 8193K, committed 8512K, reserved 425984K
}
Event: 10.738 GC heap before
{Heap before GC invocations=15 (full 0):
 garbage-first heap   total 126976K, used 87577K [0x0000000080000000, 0x0000000100000000)
  region size 1024K, 37 young (37888K), 5 survivors (5120K)
 Metaspace       used 59840K, committed 60480K, reserved 491520K
  class space    used 8450K, committed 8768K, reserved 425984K
}
Event: 10.743 GC heap after
{Heap after GC invocations=16 (full 0):
 garbage-first heap   total 126976K, used 58848K [0x0000000080000000, 0x0000000100000000)
  region size 1024K, 5 young (5120K), 5 survivors (5120K)
 Metaspace       used 59840K, committed 60480K, reserved 491520K
  class space    used 8450K, committed 8768K, reserved 425984K
}
Event: 11.458 GC heap before
{Heap before GC invocations=17 (full 0):
 garbage-first heap   total 126976K, used 102880K [0x0000000080000000, 0x0000000100000000)
  region size 1024K, 48 young (49152K), 5 survivors (5120K)
 Metaspace       used 62594K, committed 63296K, reserved 491520K
  class space    used 8873K, committed 9216K, reserved 425984K
}
Event: 11.465 GC heap after
{Heap after GC invocations=18 (full 0):
 garbage-first heap   total 126976K, used 62196K [0x0000000080000000, 0x0000000100000000)
  region size 1024K, 6 young (6144K), 6 survivors (6144K)
 Metaspace       used 62594K, committed 63296K, reserved 491520K
  class space    used 8873K, committed 9216K, reserved 425984K
}
Event: 11.993 GC heap before
{Heap before GC invocations=18 (full 0):
 garbage-first heap   total 126976K, used 94964K [0x0000000080000000, 0x0000000100000000)
  region size 1024K, 40 young (40960K), 6 survivors (6144K)
 Metaspace       used 64368K, committed 65024K, reserved 491520K
  class space    used 9159K, committed 9472K, reserved 425984K
}
Event: 12.001 GC heap after
{Heap after GC invocations=19 (full 0):
 garbage-first heap   total 126976K, used 64611K [0x0000000080000000, 0x0000000100000000)
  region size 1024K, 3 young (3072K), 3 survivors (3072K)
 Metaspace       used 64368K, committed 65024K, reserved 491520K
  class space    used 9159K, committed 9472K, reserved 425984K
}
Event: 12.436 GC heap before
{Heap before GC invocations=20 (full 0):
 garbage-first heap   total 126976K, used 107619K [0x0000000080000000, 0x0000000100000000)
  region size 1024K, 41 young (41984K), 3 survivors (3072K)
 Metaspace       used 67308K, committed 68032K, reserved 491520K
  class space    used 9487K, committed 9856K, reserved 425984K
}
Event: 12.442 GC heap after
{Heap after GC invocations=21 (full 0):
 garbage-first heap   total 126976K, used 73280K [0x0000000080000000, 0x0000000100000000)
  region size 1024K, 6 young (6144K), 6 survivors (6144K)
 Metaspace       used 67308K, committed 68032K, reserved 491520K
  class space    used 9487K, committed 9856K, reserved 425984K
}
Event: 12.600 GC heap before
{Heap before GC invocations=21 (full 0):
 garbage-first heap   total 126976K, used 88640K [0x0000000080000000, 0x0000000100000000)
  region size 1024K, 23 young (23552K), 6 survivors (6144K)
 Metaspace       used 68732K, committed 69504K, reserved 491520K
  class space    used 9635K, committed 9984K, reserved 425984K
}
Event: 12.607 GC heap after
{Heap after GC invocations=22 (full 0):
 garbage-first heap   total 126976K, used 75460K [0x0000000080000000, 0x0000000100000000)
  region size 1024K, 3 young (3072K), 3 survivors (3072K)
 Metaspace       used 68732K, committed 69504K, reserved 491520K
  class space    used 9635K, committed 9984K, reserved 425984K
}

